/*C8*/SET SCHEMA PUBLIC
DROP TABLE Books_Customer
DROP TABLE Books_Employee
CREATE TABLE Books_Customer( Title CHAR(40) NOT NULL PRIMARY KEY,   Author CHAR(30),  MSRB CHAR(5),  Quantity INT)
INSERT INTO BOOKS_CUSTOMER VALUES('The Last Mile                           ','David Baldacci                ','17.50',3)
COMMIT
INSERT INTO BOOKS_CUSTOMER VALUES('Fall of Light                           ','Steven Erikson                ','19.99',0)
COMMIT
INSERT INTO BOOKS_CUSTOMER VALUES('The Bazaar of Bad Dreams                ','Stephen King                  ','9.50 ',5)
COMMIT
INSERT INTO BOOKS_CUSTOMER VALUES('Gator Dad                               ','Brian Lies                    ','5.99 ',5)
COMMIT
INSERT INTO BOOKS_CUSTOMER VALUES('Red Foxes                               ','Megan Borgert                 ','1.99 ',2)
COMMIT
INSERT INTO BOOKS_CUSTOMER VALUES('Wilde Lake                              ','Laura Lippman                 ','19.99',3)
COMMIT
INSERT INTO BOOKS_CUSTOMER VALUES('Thomas Jefferson and the Tripoli Pirates','Brian Kilmeade                ','22.99',2)
COMMIT
INSERT INTO BOOKS_CUSTOMER VALUES('The Isle of the Lost                    ','Melissa De La Cruz            ','14.99',1)
COMMIT
INSERT INTO BOOKS_CUSTOMER VALUES('City of Lost Souls                      ','Cassandra Claire              ','20.99',3)
COMMIT
INSERT INTO BOOKS_CUSTOMER VALUES('Dinosaurs Before Dark                   ','Mary Pope Osborn              ','10.99',5)
COMMIT
INSERT INTO BOOKS_CUSTOMER VALUES('Thomas and Friends                      ','Thomas Tankengine             ','5.99 ',0)
COMMIT
INSERT INTO BOOKS_CUSTOMER VALUES('The Lost Key                            ','Catherine Coulter             ','18.99',6)
COMMIT
INSERT INTO BOOKS_CUSTOMER VALUES('Star Wars: Lost Stars                   ','Claudia Gray                  ','17.99',2)
COMMIT
INSERT INTO BOOKS_CUSTOMER VALUES('Animal Farm                             ','George Orwell                 ','19.99',10)
COMMIT
CREATE TABLE Books_Employee( Title CHAR(40) NOT NULL PRIMARY KEY,   Author CHAR(30),  UPC CHAR(13),  Sku CHAR(6),  MSRB CHAR(5),  PB CHAR(5),  Genre CHAR(15),  Quantity INT)
INSERT INTO BOOKS_EMPLOYEE VALUES('The Last Mile                           ','David Baldacci                ','019287543251 ','128764','17.50','12.50','Adult          ',3)
COMMIT
INSERT INTO BOOKS_EMPLOYEE VALUES('Fall of Light                           ','Steven Erikson                ','902861428765 ','129071','19.99','14.00','Adult          ',0)
COMMIT
INSERT INTO BOOKS_EMPLOYEE VALUES('The Bazaar of Bad Dreams                ','Stephen King                  ','029387776354 ','765499','9.50 ','8.50 ','Adult          ',5)
COMMIT
INSERT INTO BOOKS_EMPLOYEE VALUES('Gator Dad                               ','Brian Lies                    ','902856858765 ','123031','5.99 ','3.25 ','Children<6     ',5)
COMMIT
INSERT INTO BOOKS_EMPLOYEE VALUES('Red Foxes                               ','Megan Borgert                 ','301861428765 ','129000','1.99 ','0.75 ','Children<8     ',2)
COMMIT
INSERT INTO BOOKS_EMPLOYEE VALUES('Wilde Lake                              ','Laura Lippman                 ','904287286165 ','071129','19.99','12.00','Adult          ',3)
COMMIT
INSERT INTO BOOKS_EMPLOYEE VALUES('Thomas Jefferson and the Tripoli Pirates','Brian Kilmeade                ','902861444445 ','144441','22.99','15.60','Adult          ',2)
COMMIT
INSERT INTO BOOKS_EMPLOYEE VALUES('The Isle of the Lost                    ','Melissa De La Cruz            ','901234528765 ','128751','14.99','10.00','Adult          ',1)
COMMIT
INSERT INTO BOOKS_EMPLOYEE VALUES('City of Lost Souls                      ','Cassandra Claire              ','902106428765 ','863251','20.99','15.20','Adult          ',3)
COMMIT
INSERT INTO BOOKS_EMPLOYEE VALUES('Dinosaurs Before Dark                   ','Mary Pope Osborn              ','902861334765 ','120085','10.99','5.00 ','Children>6     ',5)
COMMIT
INSERT INTO BOOKS_EMPLOYEE VALUES('Thomas and Friends                      ','Thomas Tankengine             ','902861436865 ','105671','5.99 ','3.20 ','Children<2     ',0)
COMMIT
INSERT INTO BOOKS_EMPLOYEE VALUES('The Lost Key                            ','Catherine Coulter             ','999999999999 ','11111 ','18.99','14.00','Adult          ',6)
COMMIT
INSERT INTO BOOKS_EMPLOYEE VALUES('Star Wars: Lost Stars                   ','Claudia Gray                  ','902684182765 ','210917','17.99','14.00','Adult          ',2)
COMMIT
INSERT INTO BOOKS_EMPLOYEE VALUES('Animal Farm                             ','George Orwell                 ','029684182765 ','021917','19.99','12.00','Adult          ',10)
COMMIT
DISCONNECT
